[NeMo W 2024-07-15 15:13:34 nemo_logging:349] /root/.conda/envs/nemo2405/lib/python3.10/site-packages/pydub/utils.py:170: RuntimeWarning: Couldn't find ffmpeg or avconv - defaulting to ffmpeg, but may not work
      warn("Couldn't find ffmpeg or avconv - defaulting to ffmpeg, but may not work", RuntimeWarning)

[NeMo W 2024-07-15 15:13:37 nemo_logging:349] /root/.conda/envs/nemo2405/lib/python3.10/site-packages/hydra/_internal/hydra.py:119: UserWarning: Future Hydra versions will no longer change working directory at job runtime by default.
    See https://hydra.cc/docs/next/upgrades/1.1_to_1.2/changes_to_job_working_dir/ for more information.
      ret = run_job(

[NeMo W 2024-07-15 15:13:37 nemo_logging:349] /root/.conda/envs/nemo2405/lib/python3.10/site-packages/lightning_fabric/plugins/environments/slurm.py:204: The `srun` command is available on your system but is not used. HINT: If your intention is to run Lightning on SLURM, prepend your python command with `srun` like so: srun python rank.py trainer.num_nodes=2 ...

Using bfloat16 Automatic Mixed Precision (AMP)
Using bfloat16 Automatic Mixed Precision (AMP)
GPU available: True (cuda), used: True
TPU available: False, using: 0 TPU cores
HPU available: False, using: 0 HPUs
You are using a CUDA device ('NVIDIA H100 PCIe') that has Tensor Cores. To properly utilize them, you should set `torch.set_float32_matmul_precision('medium' | 'high')` which will trade-off precision for performance. For more details, read https://pytorch.org/docs/stable/generated/torch.set_float32_matmul_precision.html#torch.set_float32_matmul_precision
Initializing distributed: GLOBAL_RANK: 0, MEMBER: 1/2
Initializing distributed: GLOBAL_RANK: 1, MEMBER: 2/2
----------------------------------------------------------------------------------------------------
distributed_backend=nccl
All distributed processes registered. Starting with 2 processes
----------------------------------------------------------------------------------------------------

[hostname=illyad] nemo_rank=0, torch_rank=0 Hello world!
[hostname=illyad] Success: NeMo and PyTorch agree on rank number
[hostname=gilgamesh] nemo_rank=1, torch_rank=1 Hello world!
[hostname=gilgamesh] Success: NeMo and PyTorch agree on rank number
